D:\JACS CAD\JACS DSL-DNL\001-ESTRUCTURA\DSL-200.dwg,1,1/07/2021 09:30:47,josea,_AutoCAD PDF (General Documentation).pc3,ISO A4 (210.00 x 297.00 mm),1:1,
D:\JACS CAD\JACS DSL-DNL\001-ESTRUCTURA\DSL-200.dwg,2,1/07/2021 09:30:51,josea,_AutoCAD PDF (General Documentation).pc3,ISO A4 (210.00 x 297.00 mm),1:1,
D:\JACS CAD\JACS DSL-DNL\001-ESTRUCTURA\DSL-200.dwg,3,1/07/2021 09:30:56,josea,_AutoCAD PDF (General Documentation).pc3,ISO A4 (210.00 x 297.00 mm),1:1,
D:\JACS CAD\JACS DSL-DNL\001-ESTRUCTURA\DSL-200.dwg,4,1/07/2021 09:31:01,josea,_AutoCAD PDF (General Documentation).pc3,ISO A4 (210.00 x 297.00 mm),1:1,
D:\JACS CAD\JACS DSL-DNL\001-ESTRUCTURA\DSL-200.dwg,5,1/07/2021 09:31:06,josea,_AutoCAD PDF (General Documentation).pc3,ISO A4 (210.00 x 297.00 mm),1:1,
D:\JACS CAD\JACS DSL-DNL\001-ESTRUCTURA\DSL-200.dwg,6,1/07/2021 09:31:11,josea,_AutoCAD PDF (General Documentation).pc3,ISO A4 (210.00 x 297.00 mm),1:1,
D:\JACS CAD\JACS DSL-DNL\001-ESTRUCTURA\DSL-200.dwg,7,1/07/2021 09:31:16,josea,_AutoCAD PDF (General Documentation).pc3,ISO A4 (210.00 x 297.00 mm),1:1,
D:\JACS CAD\JACS DSL-DNL\001-ESTRUCTURA\DSL-200.dwg,8,1/07/2021 09:31:21,josea,_AutoCAD PDF (General Documentation).pc3,ISO A4 (210.00 x 297.00 mm),1:1,
D:\JACS CAD\JACS DSL-DNL\001-ESTRUCTURA\DSL-200.dwg,9,1/07/2021 09:31:26,josea,_AutoCAD PDF (General Documentation).pc3,ISO A4 (210.00 x 297.00 mm),1:1,
D:\JACS CAD\JACS DSL-DNL\001-ESTRUCTURA\DSL-200.dwg,10,1/07/2021 09:31:31,josea,_AutoCAD PDF (General Documentation).pc3,ISO A4 (210.00 x 297.00 mm),1:1,
D:\JACS CAD\JACS DSL-DNL\001-ESTRUCTURA\DSL-200.dwg,11,1/07/2021 09:31:36,josea,_AutoCAD PDF (General Documentation).pc3,ISO A4 (210.00 x 297.00 mm),1:1,
D:\JACS CAD\JACS DSL-DNL\001-ESTRUCTURA\DSL-200.dwg,11,8/07/2021 15:11:55,josea,Microsoft Print to PDF,A4,1:1,
D:\JACS CAD\JACS DSL-DNL\001-ESTRUCTURA\DSL-200.dwg,1,8/07/2021 15:14:26,josea,_AutoCAD PDF (General Documentation).pc3,ISO A4 (210.00 x 297.00 mm),1:1,
D:\JACS CAD\JACS DSL-DNL\001-ESTRUCTURA\DSL-200.dwg,2,8/07/2021 15:14:29,josea,_AutoCAD PDF (General Documentation).pc3,ISO A4 (210.00 x 297.00 mm),1:1,
D:\JACS CAD\JACS DSL-DNL\001-ESTRUCTURA\DSL-200.dwg,3,8/07/2021 15:14:34,josea,_AutoCAD PDF (General Documentation).pc3,ISO A4 (210.00 x 297.00 mm),1:1,
D:\JACS CAD\JACS DSL-DNL\001-ESTRUCTURA\DSL-200.dwg,4,8/07/2021 15:14:39,josea,_AutoCAD PDF (General Documentation).pc3,ISO A4 (210.00 x 297.00 mm),1:1,
D:\JACS CAD\JACS DSL-DNL\001-ESTRUCTURA\DSL-200.dwg,5,8/07/2021 15:14:44,josea,_AutoCAD PDF (General Documentation).pc3,ISO A4 (210.00 x 297.00 mm),1:1,
D:\JACS CAD\JACS DSL-DNL\001-ESTRUCTURA\DSL-200.dwg,6,8/07/2021 15:14:49,josea,_AutoCAD PDF (General Documentation).pc3,ISO A4 (210.00 x 297.00 mm),1:1,
D:\JACS CAD\JACS DSL-DNL\001-ESTRUCTURA\DSL-200.dwg,7,8/07/2021 15:14:54,josea,_AutoCAD PDF (General Documentation).pc3,ISO A4 (210.00 x 297.00 mm),1:1,
D:\JACS CAD\JACS DSL-DNL\001-ESTRUCTURA\DSL-200.dwg,8,8/07/2021 15:14:59,josea,_AutoCAD PDF (General Documentation).pc3,ISO A4 (210.00 x 297.00 mm),1:1,
D:\JACS CAD\JACS DSL-DNL\001-ESTRUCTURA\DSL-200.dwg,9,8/07/2021 15:15:04,josea,_AutoCAD PDF (General Documentation).pc3,ISO A4 (210.00 x 297.00 mm),1:1,
D:\JACS CAD\JACS DSL-DNL\001-ESTRUCTURA\DSL-200.dwg,10,8/07/2021 15:15:09,josea,_AutoCAD PDF (General Documentation).pc3,ISO A4 (210.00 x 297.00 mm),1:1,
D:\JACS CAD\JACS DSL-DNL\001-ESTRUCTURA\DSL-200.dwg,11,8/07/2021 15:15:14,josea,_AutoCAD PDF (General Documentation).pc3,ISO A4 (210.00 x 297.00 mm),1:1,
D:\JACS CAD\JACS DSL-DNL\001-ESTRUCTURA\DSL-200.dwg,1,9/07/2021 11:56:38,josea,_AutoCAD PDF (General Documentation).pc3,ISO A4 (210.00 x 297.00 mm),1:1,
D:\JACS CAD\JACS DSL-DNL\001-ESTRUCTURA\DSL-200.dwg,2,9/07/2021 11:56:42,josea,_AutoCAD PDF (General Documentation).pc3,ISO A4 (210.00 x 297.00 mm),1:1,
D:\JACS CAD\JACS DSL-DNL\001-ESTRUCTURA\DSL-200.dwg,3,9/07/2021 11:56:47,josea,_AutoCAD PDF (General Documentation).pc3,ISO A4 (210.00 x 297.00 mm),1:1,
D:\JACS CAD\JACS DSL-DNL\001-ESTRUCTURA\DSL-200.dwg,4,9/07/2021 11:56:52,josea,_AutoCAD PDF (General Documentation).pc3,ISO A4 (210.00 x 297.00 mm),1:1,
D:\JACS CAD\JACS DSL-DNL\001-ESTRUCTURA\DSL-200.dwg,5,9/07/2021 11:56:57,josea,_AutoCAD PDF (General Documentation).pc3,ISO A4 (210.00 x 297.00 mm),1:1,
D:\JACS CAD\JACS DSL-DNL\001-ESTRUCTURA\DSL-200.dwg,6,9/07/2021 11:57:02,josea,_AutoCAD PDF (General Documentation).pc3,ISO A4 (210.00 x 297.00 mm),1:1,
D:\JACS CAD\JACS DSL-DNL\001-ESTRUCTURA\DSL-200.dwg,7,9/07/2021 11:57:07,josea,_AutoCAD PDF (General Documentation).pc3,ISO A4 (210.00 x 297.00 mm),1:1,
D:\JACS CAD\JACS DSL-DNL\001-ESTRUCTURA\DSL-200.dwg,8,9/07/2021 11:57:12,josea,_AutoCAD PDF (General Documentation).pc3,ISO A4 (210.00 x 297.00 mm),1:1,
D:\JACS CAD\JACS DSL-DNL\001-ESTRUCTURA\DSL-200.dwg,9,9/07/2021 11:57:17,josea,_AutoCAD PDF (General Documentation).pc3,ISO A4 (210.00 x 297.00 mm),1:1,
D:\JACS CAD\JACS DSL-DNL\001-ESTRUCTURA\DSL-200.dwg,10,9/07/2021 11:57:22,josea,_AutoCAD PDF (General Documentation).pc3,ISO A4 (210.00 x 297.00 mm),1:1,
D:\JACS CAD\JACS DSL-DNL\001-ESTRUCTURA\DSL-200.dwg,11,9/07/2021 11:57:27,josea,_AutoCAD PDF (General Documentation).pc3,ISO A4 (210.00 x 297.00 mm),1:1,
F:\JACS CAD\JACS SLSO MS-2021\CAD\00A-ESTRUCTURA\MICRO SMALL 2021x2 rev5.dwg,6,5/06/2022 23:10:19,USUARIO,_AutoCAD PDF (General Documentation).pc3,ISO A4 (210.00 x 297.00 mm),1:1,
F:\JACS CAD\JACS SLSO MS-2021\CAD\00A-ESTRUCTURA\MICRO SMALL 2021x2 rev5.dwg,6x2,5/06/2022 23:10:21,USUARIO,_AutoCAD PDF (General Documentation).pc3,ISO A4 (210.00 x 297.00 mm),1:1,
F:\JACS CAD\JACS SLSO MS-2021\CAD\00A-ESTRUCTURA\MICRO SMALL 2021x2 rev5.dwg,13,5/06/2022 23:10:26,USUARIO,_AutoCAD PDF (General Documentation).pc3,ISO A4 (210.00 x 297.00 mm),1:1,
F:\JACS CAD\JACS SLSO MS-2021\CAD\00A-ESTRUCTURA\MICRO SMALL 2021x2 rev5.dwg,14,5/06/2022 23:10:31,USUARIO,_AutoCAD PDF (General Documentation).pc3,ISO A4 (210.00 x 297.00 mm),1:1,
F:\JACS CAD\JACS SLSO MS-2021\CAD\00A-ESTRUCTURA\MICRO SMALL 2021x2 rev5.dwg,14x2,5/06/2022 23:10:36,USUARIO,_AutoCAD PDF (General Documentation).pc3,ISO A4 (210.00 x 297.00 mm),1:1,
F:\JACS CAD\JACS SLSO MS-2021\CAD\00A-ESTRUCTURA\MICRO SMALL 2021x2 rev5.dwg,19,5/06/2022 23:10:41,USUARIO,_AutoCAD PDF (General Documentation).pc3,ISO A4 (210.00 x 297.00 mm),1:1,
F:\JACS CAD\JACS SLSO MS-2021\CAD\00A-ESTRUCTURA\MICRO SMALL 2021x2 rev5.dwg,H0,5/06/2022 23:23:15,USUARIO,_AutoCAD PDF (General Documentation).pc3,ISO A4 (210.00 x 297.00 mm),1:1,
F:\JACS CAD\JACS SLSO MS-2021\CAD\00A-ESTRUCTURA\MICRO SMALL 2021x2 rev5.dwg,H1,5/06/2022 23:23:17,USUARIO,_AutoCAD PDF (General Documentation).pc3,ISO A4 (210.00 x 297.00 mm),1:1,
F:\JACS CAD\JACS SLSO MS-2021\CAD\00A-ESTRUCTURA\MICRO SMALL 2021x2 rev5.dwg,H8,5/06/2022 23:23:22,USUARIO,_AutoCAD PDF (General Documentation).pc3,ISO A4 (210.00 x 297.00 mm),1:1,
F:\JACS CAD\JACS SLSO MS-2021\CAD\00A-ESTRUCTURA\MICRO SMALL 2021x2 rev5.dwg,H9,5/06/2022 23:23:27,USUARIO,_AutoCAD PDF (General Documentation).pc3,ISO A4 (210.00 x 297.00 mm),1:1,
F:\JACS CAD\JACS SLSO MS-2021\CAD\00A-ESTRUCTURA\MICRO SMALL 2021x2 rev5.dwg,H20,5/06/2022 23:23:32,USUARIO,_AutoCAD PDF (General Documentation).pc3,ISO A4 (210.00 x 297.00 mm),1:1,
F:\JACS CAD\JACS SLSO MS-2021\CAD\00A-ESTRUCTURA\MICRO SMALL 2021x2 rev5.dwg,H24,5/06/2022 23:23:37,USUARIO,_AutoCAD PDF (General Documentation).pc3,ISO A4 (210.00 x 297.00 mm),1:1,
F:\JACS CAD\JACS SLSO MS-2021\CAD\00A-ESTRUCTURA\MICRO SMALL 2021x2 rev5.dwg,H26,5/06/2022 23:23:42,USUARIO,_AutoCAD PDF (General Documentation).pc3,ISO A4 (210.00 x 297.00 mm),1:1,
F:\JACS CAD\JACS SLSO MS-2021\CAD\00A-ESTRUCTURA\MICRO SMALL 2021x2 rev5.dwg,H26 (2),5/06/2022 23:23:47,USUARIO,_AutoCAD PDF (General Documentation).pc3,ISO A4 (210.00 x 297.00 mm),1:1,
F:\JACS CAD\JACS DSL-DNL\001-ESTRUCTURA\DSL-200 400W.dwg,2,9/08/2022 09:02:14,USUARIO,_AutoCAD PDF (General Documentation).pc3,ISO A4 (210.00 x 297.00 mm),1:1,
F:\JACS CAD\JACS DSL-DNL\001-ESTRUCTURA\DSL-200 400W.dwg,3,9/08/2022 09:02:18,USUARIO,_AutoCAD PDF (General Documentation).pc3,ISO A4 (210.00 x 297.00 mm),1:1,
F:\JACS CAD\JACS DSL-DNL\001-ESTRUCTURA\DSL-200 400W.dwg,4,9/08/2022 09:02:23,USUARIO,_AutoCAD PDF (General Documentation).pc3,ISO A4 (210.00 x 297.00 mm),1:1,
F:\JACS CAD\JACS DSL-DNL\001-ESTRUCTURA\DSL-200 400W.dwg,5,9/08/2022 09:02:28,USUARIO,_AutoCAD PDF (General Documentation).pc3,ISO A4 (210.00 x 297.00 mm),1:1,
F:\JACS CAD\JACS DSL-DNL\001-ESTRUCTURA\DSL-200 400W.dwg,6,9/08/2022 09:02:33,USUARIO,_AutoCAD PDF (General Documentation).pc3,ISO A4 (210.00 x 297.00 mm),1:1,
F:\JACS CAD\JACS DSL-DNL\001-ESTRUCTURA\DSL-200 400W.dwg,7,9/08/2022 09:02:38,USUARIO,_AutoCAD PDF (General Documentation).pc3,ISO A4 (210.00 x 297.00 mm),1:1,
F:\JACS CAD\JACS DSL-DNL\001-ESTRUCTURA\DSL-200 400W.dwg,8,9/08/2022 09:02:43,USUARIO,_AutoCAD PDF (General Documentation).pc3,ISO A4 (210.00 x 297.00 mm),1:1,
F:\JACS CAD\JACS DSL-DNL\001-ESTRUCTURA\DSL-200 400W.dwg,9,9/08/2022 09:02:48,USUARIO,_AutoCAD PDF (General Documentation).pc3,ISO A4 (210.00 x 297.00 mm),1:1,
F:\JACS CAD\JACS DSL-DNL\001-ESTRUCTURA\DSL-200 400W.dwg,10,9/08/2022 09:02:53,USUARIO,_AutoCAD PDF (General Documentation).pc3,ISO A4 (210.00 x 297.00 mm),1:1,
F:\JACS CAD\JACS DSL-DNL\001-ESTRUCTURA\DSL-200 400W.dwg,11,9/08/2022 09:02:58,USUARIO,_AutoCAD PDF (General Documentation).pc3,ISO A4 (210.00 x 297.00 mm),1:1,
F:\JACS CAD\JACS DSL-DNL\001-ESTRUCTURA\DSL-200 400W.dwg,TABLERO,17/08/2022 16:07:16,USUARIO,EPSON L4160 Series,A4 (8,2 x 11,7 pulg.; 210 x 297 mm),1:1,
F:\JACS CAD\JACS DSL-DNL\001-ESTRUCTURA\DSL-200 400W.dwg,TABLERO,17/08/2022 16:22:21,USUARIO,EPSON L4160 Series,A4 (8,2 x 11,7 pulg.; 210 x 297 mm),1:1,
